<?xml version="1.0" encoding="UTF-8"?>
<testng-results skipped="0" failed="0" ignored="0" total="1" passed="1">
  <reporter-output>
  </reporter-output>
  <suite name="Default suite" duration-ms="25265" started-at="2021-03-15T17:30:23 EDT" finished-at="2021-03-15T17:30:48 EDT">
    <groups>
    </groups>
    <test name="Default test" duration-ms="25265" started-at="2021-03-15T17:30:23 EDT" finished-at="2021-03-15T17:30:48 EDT">
      <class name="test.LoginTest">
        <test-method status="PASS" signature="usershouldbaletologin()[pri:0, instance:test.LoginTest@3b084709]" name="usershouldbaletologin" duration-ms="25117" started-at="2021-03-15T17:30:23 EDT" finished-at="2021-03-15T17:30:48 EDT">
          <reporter-output>
          </reporter-output>
        </test-method> <!-- usershouldbaletologin -->
      </class> <!-- test.LoginTest -->
    </test> <!-- Default test -->
  </suite> <!-- Default suite -->
</testng-results>
